<?xml version="1.0" encoding="UTF-8"?>
<!-- Generated by org.testng.reporters.JUnitReportReporter -->
<testsuite hostname="JamesBond" failures="0" tests="6" name="api.test.DDTests" time="2.503" errors="0" timestamp="2024-11-18T11:04:13 GMT" skipped="0">
  <testcase classname="api.test.DDTests" name="testPostUser" time="0.431"/>
  <testcase classname="api.test.DDTests" name="testPostUser" time="0.414"/>
  <testcase classname="api.test.DDTests" name="testPostUser" time="0.416"/>
  <testcase classname="api.test.DDTests" name="testDeleteUserByName" time="0.426"/>
  <testcase classname="api.test.DDTests" name="testDeleteUserByName" time="0.405"/>
  <testcase classname="api.test.DDTests" name="testDeleteUserByName" time="0.411"/>
</testsuite> <!-- api.test.DDTests -->
