<?xml version="1.0" encoding="UTF-8"?>
<!-- Generated by org.testng.reporters.JUnitReportReporter -->
<testsuite hostname="JamesBond" failures="0" tests="6" name="api.test.DDTests" time="2.558" errors="0" timestamp="2024-11-18T11:38:38 GMT" skipped="0">
  <testcase classname="api.test.DDTests" name="testPostUser" time="0.412"/>
  <testcase classname="api.test.DDTests" name="testPostUser" time="0.414"/>
  <testcase classname="api.test.DDTests" name="testPostUser" time="0.422"/>
  <testcase classname="api.test.DDTests" name="testDeleteUserByName" time="0.455"/>
  <testcase classname="api.test.DDTests" name="testDeleteUserByName" time="0.423"/>
  <testcase classname="api.test.DDTests" name="testDeleteUserByName" time="0.432"/>
</testsuite> <!-- api.test.DDTests -->
