<?xml version="1.0" encoding="UTF-8"?>
<!-- Generated by org.testng.reporters.JUnitReportReporter -->
<testsuite hostname="JamesBond" failures="0" tests="4" name="api.test.UserTests" time="3.947" errors="0" timestamp="2024-11-18T11:38:38 GMT" skipped="0">
  <testcase classname="api.test.UserTests" name="testPostUser" time="2.196"/>
  <testcase classname="api.test.UserTests" name="testGetUserByName" time="0.464"/>
  <testcase classname="api.test.UserTests" name="testUpdateUserByName" time="0.867"/>
  <testcase classname="api.test.UserTests" name="testDeleteUserByName" time="0.420"/>
</testsuite> <!-- api.test.UserTests -->
